build/app/intermediates/manifest_merge_blame_file/debug/manifest-merger-blame-debug-report.txt
1<?xml version="1.0" encoding="utf-8"?>
2<manifest xmlns:android="http://schemas.android.com/apk/res/android"
3    package="io.app.bobaPubRes"
4    android:versionCode="8"
5    android:versionName="1.7.0" >
6
7    <uses-sdk
8        android:minSdkVersion="21"
9        android:targetSdkVersion="29" />
10    <!--
11         Flutter needs it to communicate with the running application
12         to allow setting breakpoints, to provide hot reload, etc.
13    -->
14    <uses-permission android:name="android.permission.INTERNET" />
14-->src\main\AndroidManifest.xml:8:5-67
14-->src\main\AndroidManifest.xml:8:22-64
15    <uses-permission android:name="android.permission.WRITE_EXTERNAL_STORAGE" />
15-->src\main\AndroidManifest.xml:9:5-81
15-->src\main\AndroidManifest.xml:9:22-78
16    <uses-permission android:name="android.permission.READ_EXTERNAL_STORAGE" />
16-->src\main\AndroidManifest.xml:10:5-80
16-->src\main\AndroidManifest.xml:10:22-77
17    <uses-permission android:name="android.permission.VIBRATE" />
17-->src\main\AndroidManifest.xml:11:5-66
17-->src\main\AndroidManifest.xml:11:22-63
18    <uses-permission android:name="android.permission.RECEIVE_BOOT_COMPLETED" />
18-->src\main\AndroidManifest.xml:12:5-80
18-->src\main\AndroidManifest.xml:12:22-78
19    <uses-permission android:name="android.permission.ACCESS_FINE_LOCATION" />
19-->src\main\AndroidManifest.xml:13:5-79
19-->src\main\AndroidManifest.xml:13:22-76
20    <uses-permission android:name="android.permission.ACCESS_COARSE_LOCATION" />
20-->src\main\AndroidManifest.xml:14:5-81
20-->src\main\AndroidManifest.xml:14:22-78
21    <uses-permission android:name="android.permission.CAMERA" />
21-->src\main\AndroidManifest.xml:15:5-65
21-->src\main\AndroidManifest.xml:15:22-62
22    <uses-permission android:name="android.permission.FLASHLIGHT" />
22-->src\main\AndroidManifest.xml:16:5-69
22-->src\main\AndroidManifest.xml:16:22-66
23    <uses-permission android:name="android.permission.ACCESS_NETWORK_STATE" />
23-->[:connectivity] AndroidManifest.xml:7:5-79
23-->[:connectivity] AndroidManifest.xml:7:22-76
24    <uses-permission android:name="android.permission.ACCESS_WIFI_STATE" />
24-->[:connectivity] AndroidManifest.xml:8:5-76
24-->[:connectivity] AndroidManifest.xml:8:22-73
25    <uses-permission android:name="android.permission.WAKE_LOCK" /> <!-- Required by older versions of Google Play services to create IID tokens -->
25-->[com.google.android.gms:play-services-measurement-api:17.4.4] AndroidManifest.xml:24:5-68
25-->[com.google.android.gms:play-services-measurement-api:17.4.4] AndroidManifest.xml:24:22-65
26    <uses-permission android:name="com.google.android.c2dm.permission.RECEIVE" />
26-->[com.google.firebase:firebase-iid:20.1.7] AndroidManifest.xml:26:5-82
26-->[com.google.firebase:firebase-iid:20.1.7] AndroidManifest.xml:26:22-79
27    <uses-permission android:name="com.google.android.finsky.permission.BIND_GET_INSTALL_REFERRER_SERVICE" />
27-->[com.google.android.gms:play-services-measurement:17.4.4] AndroidManifest.xml:26:5-110
27-->[com.google.android.gms:play-services-measurement:17.4.4] AndroidManifest.xml:26:22-107
28
29    <uses-feature
29-->[com.google.android.gms:play-services-maps:17.0.0] AndroidManifest.xml:26:5-28:35
30        android:glEsVersion="0x00020000"
30-->[com.google.android.gms:play-services-maps:17.0.0] AndroidManifest.xml:27:9-41
31        android:required="true" />
31-->[com.google.android.gms:play-services-maps:17.0.0] AndroidManifest.xml:28:9-32
32    <uses-feature
32-->[io.card:android-sdk:5.5.1] AndroidManifest.xml:12:5-14:36
33        android:name="android.hardware.camera"
33-->[io.card:android-sdk:5.5.1] AndroidManifest.xml:13:9-47
34        android:required="false" />
34-->[io.card:android-sdk:5.5.1] AndroidManifest.xml:14:9-33
35    <uses-feature
35-->[io.card:android-sdk:5.5.1] AndroidManifest.xml:15:5-17:36
36        android:name="android.hardware.camera.autofocus"
36-->[io.card:android-sdk:5.5.1] AndroidManifest.xml:16:9-57
37        android:required="false" /> <!-- Permission will be merged into the manifest of the hosting app. -->
37-->[io.card:android-sdk:5.5.1] AndroidManifest.xml:17:9-33
38    <!-- Is required to launch foreground extraction service for targetSdkVersion 28+. -->
39    <uses-permission android:name="android.permission.FOREGROUND_SERVICE" />
39-->[com.google.android.play:core:1.8.0] AndroidManifest.xml:8:3-74
39-->[com.google.android.play:core:1.8.0] AndroidManifest.xml:8:20-72
40    <!--
41 android:name="io.flutter.app.FlutterApplication"
42    android:name="io.flutter.app.FlutterApplication"
43    android:name=".Application"
44    -->
45    <application
45-->src\main\AndroidManifest.xml:20:5-85:19
46        android:name="io.app.bobaPubRes.Application"
46-->src\main\AndroidManifest.xml:21:9-36
47        android:allowBackup="true"
47-->[org.jfrog.cardinalcommerce.gradle:cardinalmobilesdk:2.2.1-2] AndroidManifest.xml:14:9-35
48        android:appComponentFactory="androidx.core.app.CoreComponentFactory"
48-->[androidx.core:core:1.3.1] AndroidManifest.xml:24:18-86
49        android:debuggable="true"
50        android:icon="@mipmap/ic_launcher"
50-->src\main\AndroidManifest.xml:25:9-43
51        android:label="BobaPub"
51-->src\main\AndroidManifest.xml:23:9-32
52        android:supportsRtl="true"
52-->[com.braintreepayments.api:drop-in:4.5.0] AndroidManifest.xml:16:9-35
53        android:theme="@style/Theme.AppCompat.Light.NoActionBar"
53-->[:stripe_payment] AndroidManifest.xml:11:18-74
54        android:usesCleartextTraffic="true" >
54-->src\main\AndroidManifest.xml:24:9-44
55        <activity
55-->src\main\AndroidManifest.xml:26:9-50:20
56            android:name="io.app.bobaPubRes.MainActivity"
56-->src\main\AndroidManifest.xml:27:13-41
57            android:configChanges="orientation|keyboardHidden|keyboard|screenSize|smallestScreenSize|locale|layoutDirection|fontScale|screenLayout|density|uiMode"
57-->src\main\AndroidManifest.xml:30:13-163
58            android:hardwareAccelerated="true"
58-->src\main\AndroidManifest.xml:31:13-47
59            android:launchMode="singleTop"
59-->src\main\AndroidManifest.xml:28:13-43
60            android:theme="@style/LaunchTheme"
60-->src\main\AndroidManifest.xml:29:13-47
61            android:windowSoftInputMode="adjustResize" >
61-->src\main\AndroidManifest.xml:32:13-55
62
63            <!--
64                 This keeps the window background of the activity showing
65                 until Flutter renders its first frame. It can be removed if
66                 there is no splash screen (such as the default splash screen
67                 defined in @style/LaunchTheme).
68            -->
69            <meta-data
69-->src\main\AndroidManifest.xml:37:13-39:40
70                android:name="io.flutter.app.android.SplashScreenUntilFirstFrame"
70-->src\main\AndroidManifest.xml:38:17-82
71                android:value="true" />
71-->src\main\AndroidManifest.xml:39:17-37
72
73            <intent-filter>
73-->src\main\AndroidManifest.xml:41:13-44:29
74                <action android:name="android.intent.action.MAIN" />
74-->src\main\AndroidManifest.xml:42:17-68
74-->src\main\AndroidManifest.xml:42:25-66
75
76                <category android:name="android.intent.category.LAUNCHER" />
76-->src\main\AndroidManifest.xml:43:17-76
76-->src\main\AndroidManifest.xml:43:27-74
77            </intent-filter>
78            <intent-filter>
78-->src\main\AndroidManifest.xml:45:13-48:29
79                <action android:name="FLUTTER_NOTIFICATION_CLICK" />
79-->src\main\AndroidManifest.xml:46:17-69
79-->src\main\AndroidManifest.xml:46:25-66
80
81                <category android:name="android.intent.category.DEFAULT" />
81-->src\main\AndroidManifest.xml:47:17-76
81-->src\main\AndroidManifest.xml:47:27-73
82            </intent-filter>
83        </activity>
84        <activity
84-->src\main\AndroidManifest.xml:51:9-59:20
85            android:name="com.braintreepayments.api.BraintreeBrowserSwitchActivity"
85-->src\main\AndroidManifest.xml:51:19-90
86            android:launchMode="singleTask" >
86-->src\main\AndroidManifest.xml:52:13-44
87            <intent-filter>
87-->src\main\AndroidManifest.xml:53:13-58:29
88                <action android:name="android.intent.action.VIEW" />
88-->src\main\AndroidManifest.xml:54:17-69
88-->src\main\AndroidManifest.xml:54:25-66
89
90                <category android:name="android.intent.category.DEFAULT" />
90-->src\main\AndroidManifest.xml:47:17-76
90-->src\main\AndroidManifest.xml:47:27-73
91                <category android:name="android.intent.category.BROWSABLE" />
91-->src\main\AndroidManifest.xml:56:17-78
91-->src\main\AndroidManifest.xml:56:27-75
92
93                <data android:scheme="io.app.bobaPubRes.braintree" />
94            </intent-filter>
95        </activity>
96
97        <meta-data
97-->src\main\AndroidManifest.xml:60:9-61:46
98            android:name="com.facebook.sdk.ApplicationId"
98-->src\main\AndroidManifest.xml:60:20-65
99            android:value="@string/facebook_app_id" />
99-->src\main\AndroidManifest.xml:61:5-44
100        <!-- TODO: Replace with your real AdMob app ID -->
101        <meta-data
101-->src\main\AndroidManifest.xml:63:5-65:66
102            android:name="com.google.android.gms.ads.APPLICATION_ID"
102-->src\main\AndroidManifest.xml:64:13-69
103            android:value="@string/android__admob_ads_id_key" />
103-->src\main\AndroidManifest.xml:65:13-63
104
105        <activity
105-->src\main\AndroidManifest.xml:66:9-69:40
106            android:name="com.facebook.FacebookActivity"
106-->src\main\AndroidManifest.xml:66:19-63
107            android:configChanges="keyboard|keyboardHidden|screenLayout|screenSize|orientation"
107-->src\main\AndroidManifest.xml:67:5-101
108            android:label="@string/app_name"
108-->src\main\AndroidManifest.xml:69:5-37
109            android:theme="@style/com_facebook_activity_theme" />
109-->[com.facebook.android:facebook-common:5.5.1] AndroidManifest.xml:32:13-63
110        <activity
110-->src\main\AndroidManifest.xml:70:9-79:20
111            android:name="com.facebook.CustomTabActivity"
111-->src\main\AndroidManifest.xml:71:13-58
112            android:exported="true" >
112-->src\main\AndroidManifest.xml:72:13-36
113            <intent-filter>
113-->src\main\AndroidManifest.xml:73:13-78:29
114                <action android:name="android.intent.action.VIEW" />
114-->src\main\AndroidManifest.xml:54:17-69
114-->src\main\AndroidManifest.xml:54:25-66
115
116                <category android:name="android.intent.category.DEFAULT" />
116-->src\main\AndroidManifest.xml:47:17-76
116-->src\main\AndroidManifest.xml:47:27-73
117                <category android:name="android.intent.category.BROWSABLE" />
117-->src\main\AndroidManifest.xml:56:17-78
117-->src\main\AndroidManifest.xml:56:27-75
118
119                <data android:scheme="@string/fb_login_protocol_scheme" />
120            </intent-filter>
121        </activity>
122
123        <meta-data
123-->src\main\AndroidManifest.xml:81:9-83:33
124            android:name="flutterEmbedding"
124-->src\main\AndroidManifest.xml:82:13-44
125            android:value="2" />
125-->src\main\AndroidManifest.xml:83:13-30
126
127        <activity
127-->[:razorpay_flutter] AndroidManifest.xml:8:9-11:20
128            android:name="com.razorpay.CheckoutActivity"
128-->[:razorpay_flutter] AndroidManifest.xml:9:13-57
129            android:configChanges="keyboard|keyboardHidden|orientation|screenSize"
129-->[com.razorpay:checkout:1.5.16] AndroidManifest.xml:20:13-83
130            android:label="Razorpay Checkout"
130-->[:razorpay_flutter] AndroidManifest.xml:10:13-46
131            android:theme="@style/CheckoutTheme" >
131-->[com.razorpay:checkout:1.5.16] AndroidManifest.xml:21:13-49
132            <intent-filter>
132-->[com.razorpay:checkout:1.5.16] AndroidManifest.xml:22:13-28:29
133                <action android:name="android.intent.action.MAIN" />
133-->src\main\AndroidManifest.xml:42:17-68
133-->src\main\AndroidManifest.xml:42:25-66
134
135                <data
136                    android:host="rzp.io"
137                    android:scheme="io.rzp" />
138            </intent-filter>
139        </activity>
140
141        <meta-data
141-->[:stripe_payment] AndroidManifest.xml:12:9-14:36
142            android:name="com.google.android.gms.wallet.api.enabled"
142-->[:stripe_payment] AndroidManifest.xml:13:13-69
143            android:value="true" />
143-->[:stripe_payment] AndroidManifest.xml:14:13-33
144
145        <activity
145-->[:stripe_payment] AndroidManifest.xml:16:9-20:75
146            android:name="com.gettipsi.stripe.OpenBrowserActivity"
146-->[:stripe_payment] AndroidManifest.xml:17:13-67
147            android:exported="false"
147-->[:stripe_payment] AndroidManifest.xml:18:13-37
148            android:launchMode="singleTask"
148-->[:stripe_payment] AndroidManifest.xml:19:13-44
149            android:theme="@android:style/Theme.Translucent.NoTitleBar" />
149-->[:stripe_payment] AndroidManifest.xml:20:13-72
150        <activity
150-->[:stripe_payment] AndroidManifest.xml:21:9-34:20
151            android:name="com.gettipsi.stripe.RedirectUriReceiver"
151-->[:stripe_payment] AndroidManifest.xml:22:13-67
152            android:exported="true"
152-->[:stripe_payment] AndroidManifest.xml:23:13-36
153            android:launchMode="singleTask"
153-->[:stripe_payment] AndroidManifest.xml:24:13-44
154            android:theme="@android:style/Theme.Translucent.NoTitleBar.Fullscreen" >
154-->[:stripe_payment] AndroidManifest.xml:25:13-83
155            <intent-filter>
155-->[:stripe_payment] AndroidManifest.xml:26:13-33:29
156                <action android:name="android.intent.action.VIEW" />
156-->src\main\AndroidManifest.xml:54:17-69
156-->src\main\AndroidManifest.xml:54:25-66
157
158                <category android:name="android.intent.category.DEFAULT" />
158-->src\main\AndroidManifest.xml:47:17-76
158-->src\main\AndroidManifest.xml:47:27-73
159                <category android:name="android.intent.category.BROWSABLE" />
159-->src\main\AndroidManifest.xml:56:17-78
159-->src\main\AndroidManifest.xml:56:27-75
160
161                <data android:scheme="example" />
162            </intent-filter>
163        </activity>
164
165        <service
165-->[:firebase_auth] AndroidManifest.xml:8:9-12:19
166            android:name="com.google.firebase.components.ComponentDiscoveryService"
166-->[:firebase_auth] AndroidManifest.xml:8:18-89
167            android:directBootAware="true"
167-->[com.google.firebase:firebase-common:19.3.0] AndroidManifest.xml:34:13-43
168            android:exported="false" >
168-->[com.google.firebase:firebase-crashlytics:17.0.0] AndroidManifest.xml:15:13-37
169            <meta-data
169-->[:firebase_auth] AndroidManifest.xml:9:13-11:85
170                android:name="com.google.firebase.components:io.flutter.plugins.firebase.auth.FlutterFirebaseAuthRegistrar"
170-->[:firebase_auth] AndroidManifest.xml:10:17-124
171                android:value="com.google.firebase.components.ComponentRegistrar" />
171-->[:firebase_auth] AndroidManifest.xml:11:17-82
172            <meta-data
172-->[:firebase_messaging] AndroidManifest.xml:14:13-16:85
173                android:name="com.google.firebase.components:io.flutter.plugins.firebasemessaging.FlutterFirebaseAppRegistrar"
173-->[:firebase_messaging] AndroidManifest.xml:15:17-127
174                android:value="com.google.firebase.components.ComponentRegistrar" />
174-->[:firebase_messaging] AndroidManifest.xml:16:17-82
175            <meta-data
175-->[:firebase_dynamic_links] AndroidManifest.xml:11:13-13:85
176                android:name="com.google.firebase.components:io.flutter.plugins.firebasedynamiclinks.FlutterFirebaseAppRegistrar"
176-->[:firebase_dynamic_links] AndroidManifest.xml:12:17-130
177                android:value="com.google.firebase.components.ComponentRegistrar" />
177-->[:firebase_dynamic_links] AndroidManifest.xml:13:17-82
178            <meta-data
178-->[:firebase_core] AndroidManifest.xml:9:13-11:85
179                android:name="com.google.firebase.components:io.flutter.plugins.firebase.core.FlutterFirebaseCoreRegistrar"
179-->[:firebase_core] AndroidManifest.xml:10:17-124
180                android:value="com.google.firebase.components.ComponentRegistrar" />
180-->[:firebase_core] AndroidManifest.xml:11:17-82
181            <meta-data
181-->[com.google.firebase:firebase-crashlytics:17.0.0] AndroidManifest.xml:16:13-18:85
182                android:name="com.google.firebase.components:com.google.firebase.crashlytics.CrashlyticsRegistrar"
182-->[com.google.firebase:firebase-crashlytics:17.0.0] AndroidManifest.xml:17:17-115
183                android:value="com.google.firebase.components.ComponentRegistrar" />
183-->[com.google.firebase:firebase-crashlytics:17.0.0] AndroidManifest.xml:18:17-82
184            <meta-data
184-->[com.google.android.gms:play-services-measurement-api:17.4.4] AndroidManifest.xml:30:13-32:85
185                android:name="com.google.firebase.components:com.google.firebase.analytics.connector.internal.AnalyticsConnectorRegistrar"
185-->[com.google.android.gms:play-services-measurement-api:17.4.4] AndroidManifest.xml:31:17-139
186                android:value="com.google.firebase.components.ComponentRegistrar" />
186-->[com.google.android.gms:play-services-measurement-api:17.4.4] AndroidManifest.xml:32:17-82
187            <meta-data
187-->[com.google.firebase:firebase-messaging:20.1.7] AndroidManifest.xml:38:13-40:85
188                android:name="com.google.firebase.components:com.google.firebase.messaging.FirebaseMessagingRegistrar"
188-->[com.google.firebase:firebase-messaging:20.1.7] AndroidManifest.xml:39:17-119
189                android:value="com.google.firebase.components.ComponentRegistrar" />
189-->[com.google.firebase:firebase-messaging:20.1.7] AndroidManifest.xml:40:17-82
190            <meta-data
190-->[com.google.firebase:firebase-iid:20.1.7] AndroidManifest.xml:32:13-34:85
191                android:name="com.google.firebase.components:com.google.firebase.iid.Registrar"
191-->[com.google.firebase:firebase-iid:20.1.7] AndroidManifest.xml:33:17-96
192                android:value="com.google.firebase.components.ComponentRegistrar" />
192-->[com.google.firebase:firebase-iid:20.1.7] AndroidManifest.xml:34:17-82
193            <meta-data
193-->[com.google.firebase:firebase-installations:16.3.2] AndroidManifest.xml:17:13-19:85
194                android:name="com.google.firebase.components:com.google.firebase.installations.FirebaseInstallationsRegistrar"
194-->[com.google.firebase:firebase-installations:16.3.2] AndroidManifest.xml:18:17-127
195                android:value="com.google.firebase.components.ComponentRegistrar" />
195-->[com.google.firebase:firebase-installations:16.3.2] AndroidManifest.xml:19:17-82
196            <meta-data
196-->[com.google.firebase:firebase-auth:19.3.1] AndroidManifest.xml:36:13-38:85
197                android:name="com.google.firebase.components:com.google.firebase.auth.FirebaseAuthRegistrar"
197-->[com.google.firebase:firebase-auth:19.3.1] AndroidManifest.xml:37:17-109
198                android:value="com.google.firebase.components.ComponentRegistrar" />
198-->[com.google.firebase:firebase-auth:19.3.1] AndroidManifest.xml:38:17-82
199            <meta-data
199-->[com.google.firebase:firebase-dynamic-links:19.1.0] AndroidManifest.xml:9:13-11:85
200                android:name="com.google.firebase.components:com.google.firebase.dynamiclinks.internal.FirebaseDynamicLinkRegistrar"
200-->[com.google.firebase:firebase-dynamic-links:19.1.0] AndroidManifest.xml:10:17-133
201                android:value="com.google.firebase.components.ComponentRegistrar" />
201-->[com.google.firebase:firebase-dynamic-links:19.1.0] AndroidManifest.xml:11:17-82
202            <meta-data
202-->[com.google.firebase:firebase-datatransport:17.0.3] AndroidManifest.xml:28:13-30:85
203                android:name="com.google.firebase.components:com.google.firebase.datatransport.TransportRegistrar"
203-->[com.google.firebase:firebase-datatransport:17.0.3] AndroidManifest.xml:29:17-115
204                android:value="com.google.firebase.components.ComponentRegistrar" />
204-->[com.google.firebase:firebase-datatransport:17.0.3] AndroidManifest.xml:30:17-82
205        </service>
206        <service android:name="io.flutter.plugins.firebasemessaging.FlutterFirebaseMessagingService" >
206-->[:firebase_messaging] AndroidManifest.xml:8:9-12:19
206-->[:firebase_messaging] AndroidManifest.xml:8:18-101
207            <intent-filter>
207-->[:firebase_messaging] AndroidManifest.xml:9:13-11:29
208                <action android:name="com.google.firebase.MESSAGING_EVENT" />
208-->[:firebase_messaging] AndroidManifest.xml:10:17-78
208-->[:firebase_messaging] AndroidManifest.xml:10:25-75
209            </intent-filter>
210        </service>
211
212        <provider
212-->[:share] AndroidManifest.xml:8:9-16:20
213            android:name="io.flutter.plugins.share.ShareFileProvider"
213-->[:share] AndroidManifest.xml:9:13-70
214            android:authorities="io.app.bobaPubRes.flutter.share_provider"
214-->[:share] AndroidManifest.xml:10:13-74
215            android:exported="false"
215-->[:share] AndroidManifest.xml:11:13-37
216            android:grantUriPermissions="true" >
216-->[:share] AndroidManifest.xml:12:13-47
217            <meta-data
217-->[:share] AndroidManifest.xml:13:13-15:68
218                android:name="android.support.FILE_PROVIDER_PATHS"
218-->[:share] AndroidManifest.xml:14:17-67
219                android:resource="@xml/flutter_share_file_paths" />
219-->[:share] AndroidManifest.xml:15:17-65
220        </provider>
221
222        <activity
222-->[:flutter_paystack] AndroidManifest.xml:10:9-12:54
223            android:name="co.paystack.flutterpaystack.AuthActivity"
223-->[:flutter_paystack] AndroidManifest.xml:11:13-68
224            android:theme="@style/Paystack.Dialog" />
224-->[:flutter_paystack] AndroidManifest.xml:12:13-51
225        <activity
225-->[:url_launcher] AndroidManifest.xml:8:9-11:74
226            android:name="io.flutter.plugins.urllauncher.WebViewActivity"
226-->[:url_launcher] AndroidManifest.xml:9:13-74
227            android:exported="false"
227-->[:url_launcher] AndroidManifest.xml:10:13-37
228            android:theme="@android:style/Theme.NoTitleBar.Fullscreen" />
228-->[:url_launcher] AndroidManifest.xml:11:13-71
229
230        <provider
230-->[:flutter_webview_plugin] AndroidManifest.xml:9:9-18:20
231            android:name="androidx.core.content.FileProvider"
231-->[:flutter_webview_plugin] AndroidManifest.xml:10:13-62
232            android:authorities="io.app.bobaPubRes.fileprovider"
232-->[:flutter_webview_plugin] AndroidManifest.xml:11:13-64
233            android:exported="false"
233-->[:flutter_webview_plugin] AndroidManifest.xml:12:13-37
234            android:grantUriPermissions="true" >
234-->[:flutter_webview_plugin] AndroidManifest.xml:13:13-47
235            <meta-data
235-->[:share] AndroidManifest.xml:13:13-15:68
236                android:name="android.support.FILE_PROVIDER_PATHS"
236-->[:share] AndroidManifest.xml:14:17-67
237                android:resource="@xml/filepaths" />
237-->[:share] AndroidManifest.xml:15:17-65
238        </provider>
239        <!--
240             FirebaseMessagingService performs security checks at runtime,
241             but set to not exported to explicitly avoid allowing another app to call it.
242        -->
243        <service
243-->[com.google.firebase:firebase-messaging:20.1.7] AndroidManifest.xml:28:9-34:19
244            android:name="com.google.firebase.messaging.FirebaseMessagingService"
244-->[com.google.firebase:firebase-messaging:20.1.7] AndroidManifest.xml:29:13-82
245            android:exported="false" >
245-->[com.google.firebase:firebase-messaging:20.1.7] AndroidManifest.xml:30:13-37
246            <intent-filter android:priority="-500" >
246-->[:firebase_messaging] AndroidManifest.xml:9:13-11:29
247                <action android:name="com.google.firebase.MESSAGING_EVENT" />
247-->[:firebase_messaging] AndroidManifest.xml:10:17-78
247-->[:firebase_messaging] AndroidManifest.xml:10:25-75
248            </intent-filter>
249        </service>
250
251        <receiver
251-->[com.google.firebase:firebase-iid:20.1.7] AndroidManifest.xml:37:9-44:20
252            android:name="com.google.firebase.iid.FirebaseInstanceIdReceiver"
252-->[com.google.firebase:firebase-iid:20.1.7] AndroidManifest.xml:38:13-78
253            android:exported="true"
253-->[com.google.firebase:firebase-iid:20.1.7] AndroidManifest.xml:39:13-36
254            android:permission="com.google.android.c2dm.permission.SEND" >
254-->[com.google.firebase:firebase-iid:20.1.7] AndroidManifest.xml:40:13-73
255            <intent-filter>
255-->[com.google.firebase:firebase-iid:20.1.7] AndroidManifest.xml:41:13-43:29
256                <action android:name="com.google.android.c2dm.intent.RECEIVE" />
256-->[com.google.firebase:firebase-iid:20.1.7] AndroidManifest.xml:42:17-81
256-->[com.google.firebase:firebase-iid:20.1.7] AndroidManifest.xml:42:25-78
257            </intent-filter>
258        </receiver>
259
260        <activity
260-->[com.google.firebase:firebase-auth:19.3.1] AndroidManifest.xml:24:9-31:50
261            android:name="com.google.firebase.auth.internal.FederatedSignInActivity"
261-->[com.google.firebase:firebase-auth:19.3.1] AndroidManifest.xml:25:13-85
262            android:excludeFromRecents="true"
262-->[com.google.firebase:firebase-auth:19.3.1] AndroidManifest.xml:26:13-46
263            android:exported="true"
263-->[com.google.firebase:firebase-auth:19.3.1] AndroidManifest.xml:27:13-36
264            android:launchMode="singleTask"
264-->[com.google.firebase:firebase-auth:19.3.1] AndroidManifest.xml:28:13-44
265            android:permission="com.google.firebase.auth.api.gms.permission.LAUNCH_FEDERATED_SIGN_IN"
265-->[com.google.firebase:firebase-auth:19.3.1] AndroidManifest.xml:29:13-102
266            android:theme="@android:style/Theme.Translucent.NoTitleBar" />
266-->[com.google.firebase:firebase-auth:19.3.1] AndroidManifest.xml:30:13-72
267
268        <provider
268-->[com.google.firebase:firebase-common:19.3.0] AndroidManifest.xml:26:9-30:39
269            android:name="com.google.firebase.provider.FirebaseInitProvider"
269-->[com.google.firebase:firebase-common:19.3.0] AndroidManifest.xml:27:13-77
270            android:authorities="io.app.bobaPubRes.firebaseinitprovider"
270-->[com.google.firebase:firebase-common:19.3.0] AndroidManifest.xml:28:13-72
271            android:exported="false"
271-->[com.google.firebase:firebase-common:19.3.0] AndroidManifest.xml:29:13-37
272            android:initOrder="100" />
272-->[com.google.firebase:firebase-common:19.3.0] AndroidManifest.xml:30:13-36
273
274        <receiver
274-->[com.google.android.gms:play-services-measurement:17.4.4] AndroidManifest.xml:29:9-33:20
275            android:name="com.google.android.gms.measurement.AppMeasurementReceiver"
275-->[com.google.android.gms:play-services-measurement:17.4.4] AndroidManifest.xml:30:13-85
276            android:enabled="true"
276-->[com.google.android.gms:play-services-measurement:17.4.4] AndroidManifest.xml:31:13-35
277            android:exported="false" >
277-->[com.google.android.gms:play-services-measurement:17.4.4] AndroidManifest.xml:32:13-37
278        </receiver>
279
280        <service
280-->[com.google.android.gms:play-services-measurement:17.4.4] AndroidManifest.xml:35:9-38:40
281            android:name="com.google.android.gms.measurement.AppMeasurementService"
281-->[com.google.android.gms:play-services-measurement:17.4.4] AndroidManifest.xml:36:13-84
282            android:enabled="true"
282-->[com.google.android.gms:play-services-measurement:17.4.4] AndroidManifest.xml:37:13-35
283            android:exported="false" />
283-->[com.google.android.gms:play-services-measurement:17.4.4] AndroidManifest.xml:38:13-37
284        <service
284-->[com.google.android.gms:play-services-measurement:17.4.4] AndroidManifest.xml:39:9-43:72
285            android:name="com.google.android.gms.measurement.AppMeasurementJobService"
285-->[com.google.android.gms:play-services-measurement:17.4.4] AndroidManifest.xml:40:13-87
286            android:enabled="true"
286-->[com.google.android.gms:play-services-measurement:17.4.4] AndroidManifest.xml:41:13-35
287            android:exported="false"
287-->[com.google.android.gms:play-services-measurement:17.4.4] AndroidManifest.xml:42:13-37
288            android:permission="android.permission.BIND_JOB_SERVICE" />
288-->[com.google.android.gms:play-services-measurement:17.4.4] AndroidManifest.xml:43:13-69
289
290        <activity
290-->[com.google.android.gms:play-services-auth:16.0.1] AndroidManifest.xml:23:9-27:75
291            android:name="com.google.android.gms.auth.api.signin.internal.SignInHubActivity"
291-->[com.google.android.gms:play-services-auth:16.0.1] AndroidManifest.xml:24:13-93
292            android:excludeFromRecents="true"
292-->[com.google.android.gms:play-services-auth:16.0.1] AndroidManifest.xml:25:13-46
293            android:exported="false"
293-->[com.google.android.gms:play-services-auth:16.0.1] AndroidManifest.xml:26:13-37
294            android:theme="@android:style/Theme.Translucent.NoTitleBar" />
294-->[com.google.android.gms:play-services-auth:16.0.1] AndroidManifest.xml:27:13-72
295        <!--
296            Service handling Google Sign-In user revocation. For apps that do not integrate with
297            Google Sign-In, this service will never be started.
298        -->
299        <service
299-->[com.google.android.gms:play-services-auth:16.0.1] AndroidManifest.xml:33:9-36:110
300            android:name="com.google.android.gms.auth.api.signin.RevocationBoundService"